android/app/build/intermediates/manifest_merge_blame_file/debug/manifest-merger-blame-debug-report.txt
1<?xml version="1.0" encoding="utf-8"?>
2<manifest xmlns:android="http://schemas.android.com/apk/res/android"
3    package="com.biciproyecto"
4    android:versionCode="1"
5    android:versionName="1.0" >
6
7    <uses-sdk
8        android:minSdkVersion="16"
9        android:targetSdkVersion="29" />
10
11    <uses-permission android:name="android.permission.SYSTEM_ALERT_WINDOW" />
11-->src\debug\AndroidManifest.xml:5:5-77
11-->src\debug\AndroidManifest.xml:5:22-75
12    <uses-permission android:name="android.permission.INTERNET" />
12-->src\main\AndroidManifest.xml:4:5-67
12-->src\main\AndroidManifest.xml:4:22-64
13    <uses-permission android:name="android.permission.ACCESS_FINE_LOCATION" />
13-->src\main\AndroidManifest.xml:5:1-74
13-->src\main\AndroidManifest.xml:5:18-72
14    <uses-permission android:name="android.permission.ACCESS_COARSE_LOCATION" />
14-->src\main\AndroidManifest.xml:6:1-76
14-->src\main\AndroidManifest.xml:6:18-74
15    <uses-permission android:name="android.permission.ACCESS_WIFI_STATE" /> <!-- Include required permissions for Google Maps API to run. -->
15-->[com.facebook.flipper:flipper:0.54.0] AndroidManifest.xml:16:5-76
15-->[com.facebook.flipper:flipper:0.54.0] AndroidManifest.xml:16:22-73
16    <uses-permission android:name="android.permission.ACCESS_NETWORK_STATE" />
16-->[com.google.android.gms:play-services-maps:17.0.0] AndroidManifest.xml:23:5-79
16-->[com.google.android.gms:play-services-maps:17.0.0] AndroidManifest.xml:23:22-76
17
18    <uses-feature
18-->[com.google.android.gms:play-services-maps:17.0.0] AndroidManifest.xml:26:5-28:35
19        android:glEsVersion="0x00020000"
19-->[com.google.android.gms:play-services-maps:17.0.0] AndroidManifest.xml:27:9-41
20        android:required="true" />
20-->[com.google.android.gms:play-services-maps:17.0.0] AndroidManifest.xml:28:9-32
21
22    <application
22-->src\main\AndroidManifest.xml:7:5-34:19
23        android:name="com.biciproyecto.MainApplication"
23-->src\main\AndroidManifest.xml:8:7-38
24        android:allowBackup="false"
24-->src\main\AndroidManifest.xml:12:7-34
25        android:appComponentFactory="androidx.core.app.CoreComponentFactory"
25-->[androidx.core:core:1.1.0] AndroidManifest.xml:24:18-86
26        android:debuggable="true"
27        android:icon="@mipmap/ic_launcher"
27-->src\main\AndroidManifest.xml:10:7-41
28        android:label="@string/app_name"
28-->src\main\AndroidManifest.xml:9:7-39
29        android:roundIcon="@mipmap/ic_launcher_round"
29-->src\main\AndroidManifest.xml:11:7-52
30        android:theme="@style/AppTheme"
30-->src\main\AndroidManifest.xml:13:7-38
31        android:usesCleartextTraffic="true" > <!-- You will only need to add this meta-data tag, but make sure it's a child of application -->
31-->src\debug\AndroidManifest.xml:7:18-53
32        <meta-data
32-->src\main\AndroidManifest.xml:15:4-17:63
33            android:name="com.google.android.geo.API_KEY"
33-->src\main\AndroidManifest.xml:16:6-51
34            android:value="AIzaSyAGLP1E1HlZAkoPeqiA6uwugGQKaSP60Do" /> <!-- You will also only need to add this uses-library tag -->
34-->src\main\AndroidManifest.xml:17:6-61
35        <uses-library
35-->src\main\AndroidManifest.xml:20:4-82
36            android:name="org.apache.http.legacy"
36-->src\main\AndroidManifest.xml:20:18-55
37            android:required="false" />
37-->src\main\AndroidManifest.xml:20:56-80
38
39        <activity
39-->src\main\AndroidManifest.xml:22:7-32:18
40            android:name="com.biciproyecto.MainActivity"
40-->src\main\AndroidManifest.xml:23:9-37
41            android:configChanges="keyboard|keyboardHidden|orientation|screenSize|uiMode"
41-->src\main\AndroidManifest.xml:25:9-86
42            android:label="@string/app_name"
42-->src\main\AndroidManifest.xml:24:9-41
43            android:launchMode="singleTask"
43-->src\main\AndroidManifest.xml:26:9-40
44            android:windowSoftInputMode="adjustResize" >
44-->src\main\AndroidManifest.xml:27:9-51
45            <intent-filter>
45-->src\main\AndroidManifest.xml:28:9-31:25
46                <action android:name="android.intent.action.MAIN" />
46-->src\main\AndroidManifest.xml:29:13-65
46-->src\main\AndroidManifest.xml:29:21-62
47
48                <category android:name="android.intent.category.LAUNCHER" />
48-->src\main\AndroidManifest.xml:30:13-73
48-->src\main\AndroidManifest.xml:30:23-70
49            </intent-filter>
50        </activity>
51        <activity android:name="com.facebook.react.devsupport.DevSettingsActivity" />
51-->src\main\AndroidManifest.xml:33:7-84
51-->src\main\AndroidManifest.xml:33:17-81
52        <activity
52-->[com.google.android.gms:play-services-base:17.0.0] AndroidManifest.xml:23:9-26:75
53            android:name="com.google.android.gms.common.api.GoogleApiActivity"
53-->[com.google.android.gms:play-services-base:17.0.0] AndroidManifest.xml:24:13-79
54            android:exported="false"
54-->[com.google.android.gms:play-services-base:17.0.0] AndroidManifest.xml:25:13-37
55            android:theme="@android:style/Theme.Translucent.NoTitleBar" />
55-->[com.google.android.gms:play-services-base:17.0.0] AndroidManifest.xml:26:13-72
56
57        <meta-data
57-->[com.google.android.gms:play-services-basement:17.0.0] AndroidManifest.xml:23:9-25:69
58            android:name="com.google.android.gms.version"
58-->[com.google.android.gms:play-services-basement:17.0.0] AndroidManifest.xml:24:13-58
59            android:value="@integer/google_play_services_version" />
59-->[com.google.android.gms:play-services-basement:17.0.0] AndroidManifest.xml:25:13-66
60    </application>
61
62</manifest>